app/build/outputs/logs/manifest-merger-debug-report.txt
-- Merging decision tree log ---
manifest
ADDED from src\main\AndroidManifest.xml:2:1-127:12
	package
		ADDED from src\main\AndroidManifest.xml:3:5-50
	android:versionName
		ADDED from src\main\AndroidManifest.xml:5:5-30
		INJECTED from src\main\AndroidManifest.xml
		INJECTED from src\main\AndroidManifest.xml
	android:versionCode
		ADDED from src\main\AndroidManifest.xml:4:5-28
		INJECTED from src\main\AndroidManifest.xml
		INJECTED from src\main\AndroidManifest.xml
	xmlns:android
		ADDED from src\main\AndroidManifest.xml:2:11-69
uses-sdk
ADDED from src\main\AndroidManifest.xml:7:5-44
MERGED from [com.android.support:support-v4:24.1.0] AndroidManifest.xml:21:5-23:54
MERGED from [com.android.support:design:24.1.0] AndroidManifest.xml:20:5-43
MERGED from [com.android.support:appcompat-v7:24.1.0] AndroidManifest.xml:21:5-23:78
MERGED from [com.android.support:animated-vector-drawable:24.1.0] AndroidManifest.xml:20:5-44
MERGED from [com.android.support:support-vector-drawable:24.1.0] AndroidManifest.xml:21:5-43
MERGED from [com.android.support:support-v4:24.1.0] AndroidManifest.xml:21:5-23:54
MERGED from [com.android.support:support-v4:24.1.0] AndroidManifest.xml:21:5-23:54
MERGED from [com.android.support:support-vector-drawable:24.1.0] AndroidManifest.xml:21:5-43
MERGED from [com.android.support:support-v4:24.1.0] AndroidManifest.xml:21:5-23:54
MERGED from [com.android.support:support-v4:24.1.0] AndroidManifest.xml:21:5-23:54
MERGED from [com.android.support:recyclerview-v7:24.1.0] AndroidManifest.xml:20:5-43
MERGED from [com.android.support:support-v4:24.1.0] AndroidManifest.xml:21:5-23:54
	tools:overrideLibrary
		ADDED from [com.android.support:support-v4:24.1.0] AndroidManifest.xml:23:9-51
	android:targetSdkVersion
		INJECTED from src\main\AndroidManifest.xml
		INJECTED from src\main\AndroidManifest.xml
	android:minSdkVersion
		ADDED from src\main\AndroidManifest.xml:7:15-41
		INJECTED from src\main\AndroidManifest.xml
		INJECTED from src\main\AndroidManifest.xml
supports-screens
ADDED from src\main\AndroidManifest.xml:9:5-12:37
	android:largeScreens
		ADDED from src\main\AndroidManifest.xml:11:9-36
	android:resizeable
		ADDED from src\main\AndroidManifest.xml:12:9-34
	android:anyDensity
		ADDED from src\main\AndroidManifest.xml:10:9-34
uses-permission#android.permission.WRITE_EXTERNAL_STORAGE
ADDED from src\main\AndroidManifest.xml:14:5-81
	android:name
		ADDED from src\main\AndroidManifest.xml:14:22-78
uses-permission#android.permission.INTERNET
ADDED from src\main\AndroidManifest.xml:16:5-67
	android:name
		ADDED from src\main\AndroidManifest.xml:16:22-64
uses-permission#android.permission.ACCESS_NETWORK_STATE
ADDED from src\main\AndroidManifest.xml:17:5-79
	android:name
		ADDED from src\main\AndroidManifest.xml:17:22-76
uses-permission#android.permission.CHANGE_WIFI_MULTICAST_STATE
ADDED from src\main\AndroidManifest.xml:19:5-86
	android:name
		ADDED from src\main\AndroidManifest.xml:19:22-83
uses-permission#android.permission.ACCESS_WIFI_STATE
ADDED from src\main\AndroidManifest.xml:20:5-76
	android:name
		ADDED from src\main\AndroidManifest.xml:20:22-73
uses-permission#android.permission.CHANGE_WIFI_STATE
ADDED from src\main\AndroidManifest.xml:21:5-76
	android:name
		ADDED from src\main\AndroidManifest.xml:21:22-73
uses-permission#android.permission.BLUETOOTH
ADDED from src\main\AndroidManifest.xml:23:5-68
	android:name
		ADDED from src\main\AndroidManifest.xml:23:22-65
uses-permission#android.permission.BLUETOOTH_ADMIN
ADDED from src\main\AndroidManifest.xml:24:5-74
	android:name
		ADDED from src\main\AndroidManifest.xml:24:22-71
uses-permission#android.permission.READ_PHONE_STATE
ADDED from src\main\AndroidManifest.xml:25:5-75
	android:name
		ADDED from src\main\AndroidManifest.xml:25:22-72
uses-permission#android.permission.READ_EXTERNAL_STORAGE
ADDED from src\main\AndroidManifest.xml:26:5-28:38
	android:maxSdkVersion
		ADDED from src\main\AndroidManifest.xml:28:9-35
	android:name
		ADDED from src\main\AndroidManifest.xml:27:9-64
uses-permission#com.android.launcher.permission.INSTALL_SHORTCUT
ADDED from src\main\AndroidManifest.xml:29:5-88
	android:name
		ADDED from src\main\AndroidManifest.xml:29:22-85
application
ADDED from src\main\AndroidManifest.xml:31:5-125:19
MERGED from [com.android.support:support-v4:24.1.0] AndroidManifest.xml:25:5-20
MERGED from [com.android.support:design:24.1.0] AndroidManifest.xml:22:5-20
MERGED from [com.android.support:appcompat-v7:24.1.0] AndroidManifest.xml:25:5-20
MERGED from [com.android.support:animated-vector-drawable:24.1.0] AndroidManifest.xml:22:5-20
MERGED from [com.android.support:support-vector-drawable:24.1.0] AndroidManifest.xml:23:5-20
MERGED from [com.android.support:support-v4:24.1.0] AndroidManifest.xml:25:5-20
MERGED from [com.android.support:support-v4:24.1.0] AndroidManifest.xml:25:5-20
MERGED from [com.android.support:support-vector-drawable:24.1.0] AndroidManifest.xml:23:5-20
MERGED from [com.android.support:support-v4:24.1.0] AndroidManifest.xml:25:5-20
MERGED from [com.android.support:support-v4:24.1.0] AndroidManifest.xml:25:5-20
MERGED from [com.android.support:support-v4:24.1.0] AndroidManifest.xml:25:5-20
	android:label
		ADDED from src\main\AndroidManifest.xml:34:9-39
	android:allowBackup
		ADDED from src\main\AndroidManifest.xml:32:9-35
	android:icon
		ADDED from src\main\AndroidManifest.xml:33:9-38
activity#com.example.charlie0840.whiteboard1.StartActivity
ADDED from src\main\AndroidManifest.xml:35:9-46:20
	android:screenOrientation
		ADDED from src\main\AndroidManifest.xml:39:13-49
	android:label
		ADDED from src\main\AndroidManifest.xml:38:13-43
	android:configChanges
		ADDED from src\main\AndroidManifest.xml:37:13-48
	android:theme
		ADDED from src\main\AndroidManifest.xml:40:13-56
	android:name
		ADDED from src\main\AndroidManifest.xml:36:13-42
intent-filter#android.intent.action.MAIN+android.intent.category.LAUNCHER
ADDED from src\main\AndroidManifest.xml:41:13-45:29
action#android.intent.action.MAIN
ADDED from src\main\AndroidManifest.xml:42:17-69
	android:name
		ADDED from src\main\AndroidManifest.xml:42:25-66
category#android.intent.category.LAUNCHER
ADDED from src\main\AndroidManifest.xml:44:17-77
	android:name
		ADDED from src\main\AndroidManifest.xml:44:27-74
activity#com.example.charlie0840.whiteboard1.MainActivity
ADDED from src\main\AndroidManifest.xml:47:9-51:52
	android:screenOrientation
		ADDED from src\main\AndroidManifest.xml:51:13-49
	android:label
		ADDED from src\main\AndroidManifest.xml:50:13-43
	android:configChanges
		ADDED from src\main\AndroidManifest.xml:49:13-48
	android:name
		ADDED from src\main\AndroidManifest.xml:48:13-41
activity#com.example.charlie0840.whiteboard1.NetworkActivity
ADDED from src\main\AndroidManifest.xml:52:9-58:59
	android:screenOrientation
		ADDED from src\main\AndroidManifest.xml:57:13-49
	android:label
		ADDED from src\main\AndroidManifest.xml:56:13-43
	android:hardwareAccelerated
		ADDED from src\main\AndroidManifest.xml:55:13-47
	android:configChanges
		ADDED from src\main\AndroidManifest.xml:54:13-48
	android:theme
		ADDED from src\main\AndroidManifest.xml:58:13-56
	android:name
		ADDED from src\main\AndroidManifest.xml:53:13-44
activity#com.example.charlie0840.whiteboard1.DeviceListActivity
ADDED from src\main\AndroidManifest.xml:59:9-64:59
	android:screenOrientation
		ADDED from src\main\AndroidManifest.xml:63:13-49
	android:label
		ADDED from src\main\AndroidManifest.xml:62:13-43
	android:configChanges
		ADDED from src\main\AndroidManifest.xml:61:13-63
	android:theme
		ADDED from src\main\AndroidManifest.xml:64:13-56
	android:name
		ADDED from src\main\AndroidManifest.xml:60:13-47
activity#com.example.charlie0840.whiteboard1.RegisterActivity
ADDED from src\main\AndroidManifest.xml:65:9-69:52
	android:screenOrientation
		ADDED from src\main\AndroidManifest.xml:69:13-49
	android:label
		ADDED from src\main\AndroidManifest.xml:68:13-43
	android:configChanges
		ADDED from src\main\AndroidManifest.xml:67:13-48
	android:name
		ADDED from src\main\AndroidManifest.xml:66:13-45
activity#com.example.charlie0840.whiteboard1.PermissionCode
ADDED from src\main\AndroidManifest.xml:70:9-74:52
	android:screenOrientation
		ADDED from src\main\AndroidManifest.xml:74:13-49
	android:label
		ADDED from src\main\AndroidManifest.xml:73:13-43
	android:configChanges
		ADDED from src\main\AndroidManifest.xml:72:13-48
	android:name
		ADDED from src\main\AndroidManifest.xml:71:13-43
activity#com.example.charlie0840.whiteboard1.ClassroomtypeActivity
ADDED from src\main\AndroidManifest.xml:75:9-79:52
	android:screenOrientation
		ADDED from src\main\AndroidManifest.xml:79:13-49
	android:label
		ADDED from src\main\AndroidManifest.xml:78:13-43
	android:configChanges
		ADDED from src\main\AndroidManifest.xml:77:13-48
	android:name
		ADDED from src\main\AndroidManifest.xml:76:13-50
activity#com.example.charlie0840.whiteboard1.CollegeselectActivity
ADDED from src\main\AndroidManifest.xml:80:9-84:52
	android:screenOrientation
		ADDED from src\main\AndroidManifest.xml:84:13-49
	android:label
		ADDED from src\main\AndroidManifest.xml:83:13-43
	android:configChanges
		ADDED from src\main\AndroidManifest.xml:82:13-48
	android:name
		ADDED from src\main\AndroidManifest.xml:81:13-50
activity#com.example.charlie0840.whiteboard1.CollegeloginActivity
ADDED from src\main\AndroidManifest.xml:85:9-90:59
	android:screenOrientation
		ADDED from src\main\AndroidManifest.xml:89:13-49
	android:label
		ADDED from src\main\AndroidManifest.xml:88:13-43
	android:configChanges
		ADDED from src\main\AndroidManifest.xml:87:13-48
	android:theme
		ADDED from src\main\AndroidManifest.xml:90:13-56
	android:name
		ADDED from src\main\AndroidManifest.xml:86:13-49
activity#com.example.charlie0840.whiteboard1.AgreementActivity
ADDED from src\main\AndroidManifest.xml:91:9-95:52
	android:screenOrientation
		ADDED from src\main\AndroidManifest.xml:95:13-49
	android:label
		ADDED from src\main\AndroidManifest.xml:94:13-43
	android:configChanges
		ADDED from src\main\AndroidManifest.xml:93:13-48
	android:name
		ADDED from src\main\AndroidManifest.xml:92:13-46
activity#com.example.charlie0840.whiteboard1.MyclasslistActivity
ADDED from src\main\AndroidManifest.xml:96:9-101:53
	android:screenOrientation
		ADDED from src\main\AndroidManifest.xml:100:13-49
	android:label
		ADDED from src\main\AndroidManifest.xml:99:13-43
	android:configChanges
		ADDED from src\main\AndroidManifest.xml:98:13-48
	android:theme
		ADDED from src\main\AndroidManifest.xml:101:13-50
	android:name
		ADDED from src\main\AndroidManifest.xml:97:13-48
activity#com.example.charlie0840.whiteboard1.SelectsessionActivity
ADDED from src\main\AndroidManifest.xml:102:9-107:53
	android:screenOrientation
		ADDED from src\main\AndroidManifest.xml:106:13-49
	android:label
		ADDED from src\main\AndroidManifest.xml:105:13-43
	android:configChanges
		ADDED from src\main\AndroidManifest.xml:104:13-48
	android:theme
		ADDED from src\main\AndroidManifest.xml:107:13-50
	android:name
		ADDED from src\main\AndroidManifest.xml:103:13-50
activity#com.example.charlie0840.whiteboard1.ClassstartActivity
ADDED from src\main\AndroidManifest.xml:108:9-113:59
	android:screenOrientation
		ADDED from src\main\AndroidManifest.xml:112:13-49
	android:label
		ADDED from src\main\AndroidManifest.xml:111:13-43
	android:configChanges
		ADDED from src\main\AndroidManifest.xml:110:13-48
	android:theme
		ADDED from src\main\AndroidManifest.xml:113:13-56
	android:name
		ADDED from src\main\AndroidManifest.xml:109:13-47
activity#com.example.charlie0840.whiteboard1.ClassendActivity
ADDED from src\main\AndroidManifest.xml:114:9-119:59
	android:screenOrientation
		ADDED from src\main\AndroidManifest.xml:118:13-49
	android:label
		ADDED from src\main\AndroidManifest.xml:117:13-43
	android:configChanges
		ADDED from src\main\AndroidManifest.xml:116:13-48
	android:theme
		ADDED from src\main\AndroidManifest.xml:119:13-56
	android:name
		ADDED from src\main\AndroidManifest.xml:115:13-45
service#com.example.charlie0840.whiteboard1.Client
ADDED from src\main\AndroidManifest.xml:121:9-124:47
	android:enabled
		ADDED from src\main\AndroidManifest.xml:123:13-35
	android:exported
		ADDED from src\main\AndroidManifest.xml:124:13-36
	android:name
		ADDED from src\main\AndroidManifest.xml:122:13-35